# JRE version: Java(TM) SE Runtime Environment (8.0_251-b08) (build 1.8.0_251-b08)
# Java VM: Java HotSpot(TM) 64-Bit Server VM (25.251-b08 mixed mode windows-amd64 compressed oops)
Heap:
 PSYoungGen      total 38400K, used 16651K [0x00000000d5f00000, 0x00000000daa00000, 0x0000000100000000)
  eden space 33280K, 50% used [0x00000000d5f00000,0x00000000d6f42e60,0x00000000d7f80000)
  from space 5120K, 0% used [0x00000000d8480000,0x00000000d8480000,0x00000000d8980000)
  to   space 5120K, 0% used [0x00000000d7f80000,0x00000000d7f80000,0x00000000d8480000)
 ParOldGen       total 177152K, used 52014K [0x0000000081c00000, 0x000000008c900000, 0x00000000d5f00000)
  object space 177152K, 29% used [0x0000000081c00000,0x0000000084ecb840,0x000000008c900000)
 Metaspace       used 6351K, capacity 6494K, committed 6784K, reserved 1056768K
  class space    used 739K, capacity 820K, committed 896K, reserved 1048576K
GC Heap History (6 events):
Event: 0.826 GC heap before
{Heap before GC invocations=1 (full 0):
 PSYoungGen      total 38400K, used 33280K [0x00000000d5f00000, 0x00000000d8980000, 0x0000000100000000)
  eden space 33280K, 100% used [0x00000000d5f00000,0x00000000d7f80000,0x00000000d7f80000)
  from space 5120K, 0% used [0x00000000d8480000,0x00000000d8480000,0x00000000d8980000)
  to   space 5120K, 0% used [0x00000000d7f80000,0x00000000d7f80000,0x00000000d8480000)
 ParOldGen       total 87552K, used 23437K [0x0000000081c00000, 0x0000000087180000, 0x00000000d5f00000)
  object space 87552K, 26% used [0x0000000081c00000,0x00000000832e3610,0x0000000087180000)
 Metaspace       used 6351K, capacity 6494K, committed 6784K, reserved 1056768K
  class space    used 739K, capacity 820K, committed 896K, reserved 1048576K
Event: 0.832 GC heap after
Heap after GC invocations=1 (full 0):
 PSYoungGen      total 38400K, used 4192K [0x00000000d5f00000, 0x00000000d8980000, 0x0000000100000000)
  eden space 33280K, 0% used [0x00000000d5f00000,0x00000000d5f00000,0x00000000d7f80000)
  from space 5120K, 81% used [0x00000000d7f80000,0x00000000d8398050,0x00000000d8480000)
  to   space 5120K, 0% used [0x00000000d8480000,0x00000000d8480000,0x00000000d8980000)
 ParOldGen       total 87552K, used 32777K [0x0000000081c00000, 0x0000000087180000, 0x00000000d5f00000)
  object space 87552K, 37% used [0x0000000081c00000,0x0000000083c025c0,0x0000000087180000)
 Metaspace       used 6351K, capacity 6494K, committed 6784K, reserved 1056768K
  class space    used 739K, capacity 820K, committed 896K, reserved 1048576K
}
Event: 0.891 GC heap before
{Heap before GC invocations=2 (full 0):
 PSYoungGen      total 38400K, used 37472K [0x00000000d5f00000, 0x00000000d8980000, 0x0000000100000000)
  eden space 33280K, 100% used [0x00000000d5f00000,0x00000000d7f80000,0x00000000d7f80000)
  from space 5120K, 81% used [0x00000000d7f80000,0x00000000d8398050,0x00000000d8480000)
  to   space 5120K, 0% used [0x00000000d8480000,0x00000000d8480000,0x00000000d8980000)
 ParOldGen       total 87552K, used 32777K [0x0000000081c00000, 0x0000000087180000, 0x00000000d5f00000)
  object space 87552K, 37% used [0x0000000081c00000,0x0000000083c025c0,0x0000000087180000)
 Metaspace       used 6351K, capacity 6494K, committed 6784K, reserved 1056768K
  class space    used 739K, capacity 820K, committed 896K, reserved 1048576K
Event: 0.925 GC heap after
Heap after GC invocations=2 (full 0):
 PSYoungGen      total 38400K, used 3152K [0x00000000d5f00000, 0x00000000daa00000, 0x0000000100000000)
  eden space 33280K, 0% used [0x00000000d5f00000,0x00000000d5f00000,0x00000000d7f80000)
  from space 5120K, 61% used [0x00000000d8480000,0x00000000d8794030,0x00000000d8980000)
  to   space 5120K, 0% used [0x00000000d7f80000,0x00000000d7f80000,0x00000000d8480000)
 ParOldGen       total 111104K, used 103097K [0x0000000081c00000, 0x0000000088880000, 0x00000000d5f00000)
  object space 111104K, 92% used [0x0000000081c00000,0x00000000880ae7f0,0x0000000088880000)
 Metaspace       used 6351K, capacity 6494K, committed 6784K, reserved 1056768K
  class space    used 739K, capacity 820K, committed 896K, reserved 1048576K
}
Event: 0.925 GC heap before
{Heap before GC invocations=3 (full 1):
 PSYoungGen      total 38400K, used 3152K [0x00000000d5f00000, 0x00000000daa00000, 0x0000000100000000)
  eden space 33280K, 0% used [0x00000000d5f00000,0x00000000d5f00000,0x00000000d7f80000)
  from space 5120K, 61% used [0x00000000d8480000,0x00000000d8794030,0x00000000d8980000)
  to   space 5120K, 0% used [0x00000000d7f80000,0x00000000d7f80000,0x00000000d8480000)
 ParOldGen       total 111104K, used 103097K [0x0000000081c00000, 0x0000000088880000, 0x00000000d5f00000)
  object space 111104K, 92% used [0x0000000081c00000,0x00000000880ae7f0,0x0000000088880000)
 Metaspace       used 6351K, capacity 6494K, committed 6784K, reserved 1056768K
  class space    used 739K, capacity 820K, committed 896K, reserved 1048576K
Event: 0.940 GC heap after
Heap after GC invocations=3 (full 1):
 PSYoungGen      total 38400K, used 0K [0x00000000d5f00000, 0x00000000daa00000, 0x0000000100000000)
  eden space 33280K, 0% used [0x00000000d5f00000,0x00000000d5f00000,0x00000000d7f80000)
  from space 5120K, 0% used [0x00000000d8480000,0x00000000d8480000,0x00000000d8980000)
  to   space 5120K, 0% used [0x00000000d7f80000,0x00000000d7f80000,0x00000000d8480000)
 ParOldGen       total 177152K, used 52014K [0x0000000081c00000, 0x000000008c900000, 0x00000000d5f00000)
  object space 177152K, 29% used [0x0000000081c00000,0x0000000084ecb840,0x000000008c900000)
 Metaspace       used 6351K, capacity 6494K, committed 6784K, reserved 1056768K
  class space    used 739K, capacity 820K, committed 896K, reserved 1048576K
}

